
29/12/2021 @ 16:37:21 | Dollar Cost Average
Average: $2.0

22/01/2022 @ 16:07:18 | Entry Maths
Ticker: ADA

Entry: $1.14
Volume: x200.0
Position: $227.99999999999997
Future Position: $255.35999999999999

Take: $1.2768
Stop: $1.0715999999999999

Profit: $27.360000000000007
Loss: $13.680000000000003

22/01/2022 @ 16:07:18 | Dollar Cost Average
Average: $1.14

22/01/2022 @ 16:15:21 | Entry Maths
Ticker: ADA

Entry: $1.0925
Volume: x1049.0
Position: $1146.0325
Future Position: $1283.5564

Take: $1.2236
Stop: $1.02695

Profit: $137.5239
Loss: $68.76195

22/01/2022 @ 16:30:33 | Entry Maths
Ticker: ADA

Entry: $1.0925
Volume: x1049.0
Position: $1146.0325
Future Position: $2098.0

Take: $2.0
Stop: $NA

Profit: $951.9675
Loss: $NA

22/01/2022 @ 16:58:02 | Entry Maths
Ticker: ADA

Entry: $1.2
Volume: x1024.0
Position: $1228.8
Future Position: $1638.4

Take: $1.6
Stop: $1.128

Profit: $409.60000000000014
Loss: $204.79999999999995

22/01/2022 @ 16:58:02 | Entry Maths
Ticker: ADA

Entry: $1.0925
Volume: x1049.0
Position: $1146.0325
Future Position: $2098.0

Take: $2.0
Stop: $0.928625

Profit: $951.9675
Loss: $1146.0325

22/01/2022 @ 17:26:24 | Entry Maths
Ticker: ADA

Entry: $1.0925
Volume: x1049.0
Position: $1146.0325
Future Position: (+)$2098.0 | (-)$974.1276250000001

Take: $2.0
Stop: $0.928625

Profit: $951.9675
Loss: $171.904875
